<?xml version="1.0" encoding="UTF-8"?>
<!-- Generated by org.testng.reporters.JUnitReportReporter -->
<testsuite hostname="lipika-Inspiron-3442" name="com.wordpress.testcases.verifyWordpressLogin" tests="1" failures="0" timestamp="28 Apr 2016 01:22:21 GMT" time="128.296" errors="0">
  <testcase name="verifyLogout" time="128.296" classname="com.wordpress.testcases.verifyWordpressLogin"/>
</testsuite> <!-- com.wordpress.testcases.verifyWordpressLogin -->
