<?xml version="1.0" encoding="UTF-8"?>
<!-- Generated by org.testng.reporters.JUnitReportReporter -->
<testsuite hostname="lipika-Inspiron-3442" name="com.wordpress.testcases.UserHasNoSiteCreated" tests="1" failures="0" timestamp="26 Apr 2016 07:21:49 GMT" time="180.023" errors="0">
  <testcase name="verifyUserSiteDoNotExist" time="180.023" classname="com.wordpress.testcases.UserHasNoSiteCreated"/>
</testsuite> <!-- com.wordpress.testcases.UserHasNoSiteCreated -->
