<?xml version="1.0" encoding="UTF-8"?>
<!-- Generated by org.testng.reporters.JUnitReportReporter -->
<testsuite hostname="lipika-Inspiron-3442" name="com.wordpress.testcases.PublishMyPost" tests="1" failures="0" timestamp="4 May 2016 06:35:41 GMT" time="19.898" errors="0">
  <testcase name="publishPost" time="19.898" classname="com.wordpress.testcases.PublishMyPost"/>
</testsuite> <!-- com.wordpress.testcases.PublishMyPost -->
