<?xml version="1.0" encoding="UTF-8"?>
<!-- Generated by org.testng.reporters.JUnitReportReporter -->
<testsuite hostname="lipika-Inspiron-3442" name="com.sydneytesters.tests.PaymentPageTest" tests="1" failures="0" timestamp="2 Jun 2016 06:41:21 GMT" time="9.083" errors="0">
  <testcase name="getCarQuote_buyInsurance" time="9.083" classname="com.sydneytesters.tests.PaymentPageTest"/>
</testsuite> <!-- com.sydneytesters.tests.PaymentPageTest -->
