<?xml version="1.0" encoding="UTF-8"?>
<!-- Generated by org.testng.reporters.JUnitReportReporter -->
<testsuite hostname="lipika-Inspiron-3442" name="com.sydneytesters.tests.CarPageTests" tests="1" failures="0" timestamp="2 Jun 2016 06:45:28 GMT" time="6.696" errors="0">
  <testcase name="enterDetailsOfCar_getCarQuote" time="6.696" classname="com.sydneytesters.tests.CarPageTests"/>
</testsuite> <!-- com.sydneytesters.tests.CarPageTests -->
